<?xml version="1.0" encoding="UTF-8"?>
<!-- Generated by org.testng.reporters.JUnitXMLReporter -->
<testsuite hostname="CFT7300056" name="Default test" tests="5" failures="0" timestamp="29 Jun 2021 14:34:13 GMT" time="98.399" errors="0">
  <testcase name="gmail11SignIn" time="22.274" classname="setup_execution.test_execution"/>
  <testcase name="gmail1SendMail" time="16.374" classname="setup_execution.test_execution"/>
  <testcase name="gmail21SignIn" time="30.249" classname="setup_execution.test_execution"/>
  <testcase name="gmail2ReceiveMail" time="9.24" classname="setup_execution.test_execution"/>
  <testcase name="logoutFromAllGmailAcoounts" time="20.232" classname="setup_execution.test_execution"/>
</testsuite> <!-- Default test -->
